<?xml version="1.0" encoding="UTF-8"?>
<!-- Generated by org.testng.reporters.JUnitReportReporter -->
<testsuite hostname="HP" failures="0" tests="2" name="testNG.Script1" time="0.040" errors="0" timestamp="2022-07-19T06:24:52 IST" skipped="0">
  <testcase classname="testNG.Script1" name="test2" time="0.009"/>
  <system-out>
    <![CDATA[bye]]>
  </system-out>
  <testcase classname="testNG.Script1" name="test1" time="0.031"/>
  <system-out>
    <![CDATA[hello]]>
  </system-out>
</testsuite> <!-- testNG.Script1 -->
