<?xml version="1.0" encoding="UTF-8"?>
<!-- Generated by org.testng.reporters.JUnitReportReporter -->
<testsuite hostname="HP" failures="0" tests="1" name="testNG.Assertion" time="22.271" errors="0" timestamp="2022-07-20T12:57:44 IST" skipped="0">
  <testcase classname="testNG.Assertion" name="login" time="22.271"/>
  <system-out/>
</testsuite> <!-- testNG.Assertion -->
