<?xml version="1.0" encoding="UTF-8"?>
<!-- Generated by org.testng.reporters.JUnitReportReporter -->
<testsuite hostname="HP" failures="0" tests="4" name="testNG.Same_multiple" time="0.061" errors="0" timestamp="2022-07-19T06:40:35 IST" skipped="0">
  <testcase classname="testNG.Same_multiple" name="test1" time="0.014"/>
  <system-out>
    <![CDATA[hello]]>
  </system-out>
  <testcase classname="testNG.Same_multiple" name="test1" time="0.033"/>
  <system-out>
    <![CDATA[hello]]>
  </system-out>
  <testcase classname="testNG.Same_multiple" name="test2" time="0.008"/>
  <system-out>
    <![CDATA[bye]]>
  </system-out>
  <testcase classname="testNG.Same_multiple" name="test1" time="0.006"/>
  <system-out>
    <![CDATA[hello]]>
  </system-out>
</testsuite> <!-- testNG.Same_multiple -->
