<?xml version="1.0" encoding="UTF-8"?>
<!-- Generated by org.testng.reporters.JUnitReportReporter -->
<testsuite hostname="HP" failures="0" tests="1" name="actiTime.Sample" time="50.232" errors="0" timestamp="2022-07-19T10:23:58 IST" skipped="0">
  <testcase classname="actiTime.Sample" name="login" time="50.232"/>
  <system-out/>
</testsuite> <!-- actiTime.Sample -->
