<?xml version="1.0" encoding="UTF-8"?>
<!-- Generated by org.testng.reporters.JUnitReportReporter -->
<testsuite hostname="HP" failures="0" tests="2" name="testNG.Skip" time="0.028" errors="0" timestamp="2022-07-19T06:43:25 IST" skipped="1">
  <testcase classname="testNG.Skip" name="test1" time="0.028"/>
  <system-out>
    <![CDATA[hello]]>
  </system-out>
  <testcase classname="testNG.Skip" name="test2">
    <skipped/>
  </testcase> <!-- test2 -->
  <system-out/>
</testsuite> <!-- testNG.Skip -->
