<?xml version="1.0" encoding="UTF-8"?>
<!-- Generated by org.testng.reporters.JUnitReportReporter -->
<testsuite hostname="HP" failures="0" tests="2" name="testNG.Priority" time="0.036" errors="0" timestamp="2022-07-19T06:36:17 IST" skipped="0">
  <testcase classname="testNG.Priority" name="test2" time="0.029"/>
  <system-out>
    <![CDATA[bye]]>
  </system-out>
  <testcase classname="testNG.Priority" name="test1" time="0.007"/>
  <system-out>
    <![CDATA[hello]]>
  </system-out>
</testsuite> <!-- testNG.Priority -->
